[-1744312332682587392.000s] DEBUG:colcon:Command line arguments: ['/usr/bin/colcon', 'list']
[-1744312332682587392.000s] DEBUG:colcon:Parsed command line arguments: Namespace(log_base=None, log_level=None, verb_name='list', build_base='build', ignore_user_meta=False, metas=['./colcon.meta'], base_paths=['.'], packages_ignore=None, packages_ignore_regex=None, paths=None, packages_up_to=None, packages_up_to_regex=None, packages_above=None, packages_above_and_dependencies=None, packages_above_depth=None, packages_select_by_dep=None, packages_skip_by_dep=None, packages_skip_up_to=None, packages_select_build_failed=False, packages_skip_build_finished=False, packages_select_test_failures=False, packages_skip_test_passed=False, packages_select=None, packages_skip=None, packages_select_regex=None, packages_skip_regex=None, packages_start=None, packages_end=None, topological_order=False, names_only=False, paths_only=False, topological_graph=False, topological_graph_dot=False, topological_graph_density=False, topological_graph_legend=False, topological_graph_dot_cluster=False, topological_graph_dot_include_skipped=False, verb_parser=<colcon_defaults.argument_parser.defaults.DefaultArgumentsDecorator object at 0x76c2ca58dc70>, verb_extension=<colcon_package_information.verb.list.ListVerb object at 0x76c2ca5b5400>, main=<bound method ListVerb.main of <colcon_package_information.verb.list.ListVerb object at 0x76c2ca5b5400>>)
[-1744312332682587392.000s] Level 1:colcon.colcon_core.package_discovery:discover_packages(colcon_meta) check parameters
[-1744312332682587392.000s] Level 1:colcon.colcon_core.package_discovery:discover_packages(recursive) check parameters
[-1744312332682587392.000s] Level 1:colcon.colcon_core.package_discovery:discover_packages(ignore) check parameters
[-1744312332682587392.000s] Level 1:colcon.colcon_core.package_discovery:discover_packages(path) check parameters
[-1744312332682587392.000s] Level 1:colcon.colcon_core.package_discovery:discover_packages(colcon_meta) discover
[-1744312332682587392.000s] Level 1:colcon.colcon_core.package_discovery:discover_packages(recursive) discover
[-1744312332682587392.000s] INFO:colcon.colcon_core.package_discovery:Crawling recursively for packages in '/home/lam/dev/docker/capacitacao_pmec'
[-1744312332682587392.000s] Level 1:colcon.colcon_core.package_identification:_identify(.) by extensions ['ignore', 'ignore_ament_install']
[-1744312332682587392.000s] Level 1:colcon.colcon_core.package_identification:_identify(.) by extension 'ignore'
[-1744312332682587392.000s] Level 1:colcon.colcon_core.package_identification:_identify(.) by extension 'ignore_ament_install'
[-1744312332682587392.000s] Level 1:colcon.colcon_core.package_identification:_identify(.) by extensions ['colcon_pkg']
[-1744312332682587392.000s] Level 1:colcon.colcon_core.package_identification:_identify(.) by extension 'colcon_pkg'
[-1744312332682587392.000s] Level 1:colcon.colcon_core.package_identification:_identify(.) by extensions ['colcon_meta']
[-1744312332682587392.000s] Level 1:colcon.colcon_core.package_identification:_identify(.) by extension 'colcon_meta'
[-1744312332682587392.000s] Level 1:colcon.colcon_core.package_identification:_identify(.) by extensions ['ros']
[-1744312332682587392.000s] Level 1:colcon.colcon_core.package_identification:_identify(.) by extension 'ros'
[-1744312332682587392.000s] Level 1:colcon.colcon_core.package_identification:_identify(.) by extensions ['cmake', 'python']
[-1744312332682587392.000s] Level 1:colcon.colcon_core.package_identification:_identify(.) by extension 'cmake'
[-1744312332682587392.000s] Level 1:colcon.colcon_core.package_identification:_identify(.) by extension 'python'
[-1744312332682587392.000s] Level 1:colcon.colcon_core.package_identification:_identify(.) by extensions ['python_setup_py']
[-1744312332682587392.000s] Level 1:colcon.colcon_core.package_identification:_identify(.) by extension 'python_setup_py'
[-1744312332682587392.000s] Level 1:colcon.colcon_core.package_identification:_identify(docker) by extensions ['ignore', 'ignore_ament_install']
[-1744312332682587392.000s] Level 1:colcon.colcon_core.package_identification:_identify(docker) by extension 'ignore'
[-1744312332682587392.000s] Level 1:colcon.colcon_core.package_identification:_identify(docker) by extension 'ignore_ament_install'
[-1744312332682587392.000s] Level 1:colcon.colcon_core.package_identification:_identify(docker) by extensions ['colcon_pkg']
[-1744312332682587392.000s] Level 1:colcon.colcon_core.package_identification:_identify(docker) by extension 'colcon_pkg'
[-1744312332682587392.000s] Level 1:colcon.colcon_core.package_identification:_identify(docker) by extensions ['colcon_meta']
[-1744312332682587392.000s] Level 1:colcon.colcon_core.package_identification:_identify(docker) by extension 'colcon_meta'
[-1744312332682587392.000s] Level 1:colcon.colcon_core.package_identification:_identify(docker) by extensions ['ros']
[-1744312332682587392.000s] Level 1:colcon.colcon_core.package_identification:_identify(docker) by extension 'ros'
[-1744312332682587392.000s] Level 1:colcon.colcon_core.package_identification:_identify(docker) by extensions ['cmake', 'python']
[-1744312332682587392.000s] Level 1:colcon.colcon_core.package_identification:_identify(docker) by extension 'cmake'
[-1744312332682587392.000s] Level 1:colcon.colcon_core.package_identification:_identify(docker) by extension 'python'
[-1744312332682587392.000s] Level 1:colcon.colcon_core.package_identification:_identify(docker) by extensions ['python_setup_py']
[-1744312332682587392.000s] Level 1:colcon.colcon_core.package_identification:_identify(docker) by extension 'python_setup_py'
[-1744312332682587392.000s] Level 1:colcon.colcon_core.package_identification:_identify(log) by extensions ['ignore', 'ignore_ament_install']
[-1744312332682587392.000s] Level 1:colcon.colcon_core.package_identification:_identify(log) by extension 'ignore'
[-1744312332682587392.000s] Level 1:colcon.colcon_core.package_identification:_identify(log) ignored
[-1744312332682587392.000s] Level 1:colcon.colcon_core.package_identification:_identify(scripts) by extensions ['ignore', 'ignore_ament_install']
[-1744312332682587392.000s] Level 1:colcon.colcon_core.package_identification:_identify(scripts) by extension 'ignore'
[-1744312332682587392.000s] Level 1:colcon.colcon_core.package_identification:_identify(scripts) by extension 'ignore_ament_install'
[-1744312332682587392.000s] Level 1:colcon.colcon_core.package_identification:_identify(scripts) by extensions ['colcon_pkg']
[-1744312332682587392.000s] Level 1:colcon.colcon_core.package_identification:_identify(scripts) by extension 'colcon_pkg'
[-1744312332682587392.000s] Level 1:colcon.colcon_core.package_identification:_identify(scripts) by extensions ['colcon_meta']
[-1744312332682587392.000s] Level 1:colcon.colcon_core.package_identification:_identify(scripts) by extension 'colcon_meta'
[-1744312332682587392.000s] Level 1:colcon.colcon_core.package_identification:_identify(scripts) by extensions ['ros']
[-1744312332682587392.000s] Level 1:colcon.colcon_core.package_identification:_identify(scripts) by extension 'ros'
[-1744312332682587392.000s] Level 1:colcon.colcon_core.package_identification:_identify(scripts) by extensions ['cmake', 'python']
[-1744312332682587392.000s] Level 1:colcon.colcon_core.package_identification:_identify(scripts) by extension 'cmake'
[-1744312332682587392.000s] Level 1:colcon.colcon_core.package_identification:_identify(scripts) by extension 'python'
[-1744312332682587392.000s] Level 1:colcon.colcon_core.package_identification:_identify(scripts) by extensions ['python_setup_py']
[-1744312332682587392.000s] Level 1:colcon.colcon_core.package_identification:_identify(scripts) by extension 'python_setup_py'
[-1744312332682587392.000s] Level 1:colcon.colcon_core.package_discovery:discover_packages(recursive) using defaults
[-1744312332682587392.000s] Level 1:colcon.colcon_core.package_discovery:discover_packages(ignore) discover
[-1744312332682587392.000s] Level 1:colcon.colcon_core.package_discovery:discover_packages(ignore) using defaults
[-1744312332682587392.000s] Level 1:colcon.colcon_core.package_discovery:discover_packages(path) discover
[-1744312332682587392.000s] Level 1:colcon.colcon_core.package_discovery:discover_packages(path) using defaults
