[-1744312345106381056.000s] DEBUG:colcon:Command line arguments: ['/usr/bin/colcon', 'info']
[-1744312345106381056.000s] DEBUG:colcon:Parsed command line arguments: Namespace(log_base=None, log_level=None, verb_name='info', package_names=[], build_base='build', ignore_user_meta=False, metas=['./colcon.meta'], base_paths=['.'], packages_ignore=None, packages_ignore_regex=None, paths=None, packages_up_to=None, packages_up_to_regex=None, packages_above=None, packages_above_and_dependencies=None, packages_above_depth=None, packages_select_by_dep=None, packages_skip_by_dep=None, packages_skip_up_to=None, packages_select_build_failed=False, packages_skip_build_finished=False, packages_select_test_failures=False, packages_skip_test_passed=False, packages_select=None, packages_skip=None, packages_select_regex=None, packages_skip_regex=None, packages_start=None, packages_end=None, verb_parser=<colcon_defaults.argument_parser.defaults.DefaultArgumentsDecorator object at 0x73c0527d89d0>, verb_extension=<colcon_package_information.verb.info.InfoVerb object at 0x73c0527c12b0>, main=<bound method InfoVerb.main of <colcon_package_information.verb.info.InfoVerb object at 0x73c0527c12b0>>)
[-1744312345106381056.000s] Level 1:colcon.colcon_core.package_discovery:discover_packages(colcon_meta) check parameters
[-1744312345106381056.000s] Level 1:colcon.colcon_core.package_discovery:discover_packages(recursive) check parameters
[-1744312345106381056.000s] Level 1:colcon.colcon_core.package_discovery:discover_packages(ignore) check parameters
[-1744312345106381056.000s] Level 1:colcon.colcon_core.package_discovery:discover_packages(path) check parameters
[-1744312345106381056.000s] Level 1:colcon.colcon_core.package_discovery:discover_packages(colcon_meta) discover
[-1744312345106381056.000s] Level 1:colcon.colcon_core.package_discovery:discover_packages(recursive) discover
[-1744312345106381056.000s] INFO:colcon.colcon_core.package_discovery:Crawling recursively for packages in '/home/lam/dev/docker/capacitacao_pmec'
[-1744312345106381056.000s] Level 1:colcon.colcon_core.package_identification:_identify(.) by extensions ['ignore', 'ignore_ament_install']
[-1744312345106381056.000s] Level 1:colcon.colcon_core.package_identification:_identify(.) by extension 'ignore'
[-1744312345106381056.000s] Level 1:colcon.colcon_core.package_identification:_identify(.) by extension 'ignore_ament_install'
[-1744312345106381056.000s] Level 1:colcon.colcon_core.package_identification:_identify(.) by extensions ['colcon_pkg']
[-1744312345106381056.000s] Level 1:colcon.colcon_core.package_identification:_identify(.) by extension 'colcon_pkg'
[-1744312345106381056.000s] Level 1:colcon.colcon_core.package_identification:_identify(.) by extensions ['colcon_meta']
[-1744312345106381056.000s] Level 1:colcon.colcon_core.package_identification:_identify(.) by extension 'colcon_meta'
[-1744312345106381056.000s] Level 1:colcon.colcon_core.package_identification:_identify(.) by extensions ['ros']
[-1744312345106381056.000s] Level 1:colcon.colcon_core.package_identification:_identify(.) by extension 'ros'
[-1744312345106381056.000s] Level 1:colcon.colcon_core.package_identification:_identify(.) by extensions ['cmake', 'python']
[-1744312345106381056.000s] Level 1:colcon.colcon_core.package_identification:_identify(.) by extension 'cmake'
[-1744312345106381056.000s] Level 1:colcon.colcon_core.package_identification:_identify(.) by extension 'python'
[-1744312345106381056.000s] Level 1:colcon.colcon_core.package_identification:_identify(.) by extensions ['python_setup_py']
[-1744312345106381056.000s] Level 1:colcon.colcon_core.package_identification:_identify(.) by extension 'python_setup_py'
[-1744312345106381056.000s] Level 1:colcon.colcon_core.package_identification:_identify(docker) by extensions ['ignore', 'ignore_ament_install']
[-1744312345106381056.000s] Level 1:colcon.colcon_core.package_identification:_identify(docker) by extension 'ignore'
[-1744312345106381056.000s] Level 1:colcon.colcon_core.package_identification:_identify(docker) by extension 'ignore_ament_install'
[-1744312345106381056.000s] Level 1:colcon.colcon_core.package_identification:_identify(docker) by extensions ['colcon_pkg']
[-1744312345106381056.000s] Level 1:colcon.colcon_core.package_identification:_identify(docker) by extension 'colcon_pkg'
[-1744312345106381056.000s] Level 1:colcon.colcon_core.package_identification:_identify(docker) by extensions ['colcon_meta']
[-1744312345106381056.000s] Level 1:colcon.colcon_core.package_identification:_identify(docker) by extension 'colcon_meta'
[-1744312345106381056.000s] Level 1:colcon.colcon_core.package_identification:_identify(docker) by extensions ['ros']
[-1744312345106381056.000s] Level 1:colcon.colcon_core.package_identification:_identify(docker) by extension 'ros'
[-1744312345106381056.000s] Level 1:colcon.colcon_core.package_identification:_identify(docker) by extensions ['cmake', 'python']
[-1744312345106381056.000s] Level 1:colcon.colcon_core.package_identification:_identify(docker) by extension 'cmake'
[-1744312345106381056.000s] Level 1:colcon.colcon_core.package_identification:_identify(docker) by extension 'python'
[-1744312345106381056.000s] Level 1:colcon.colcon_core.package_identification:_identify(docker) by extensions ['python_setup_py']
[-1744312345106381056.000s] Level 1:colcon.colcon_core.package_identification:_identify(docker) by extension 'python_setup_py'
[-1744312345106381056.000s] Level 1:colcon.colcon_core.package_identification:_identify(log) by extensions ['ignore', 'ignore_ament_install']
[-1744312345106381056.000s] Level 1:colcon.colcon_core.package_identification:_identify(log) by extension 'ignore'
[-1744312345106381056.000s] Level 1:colcon.colcon_core.package_identification:_identify(log) ignored
[-1744312345106381056.000s] Level 1:colcon.colcon_core.package_identification:_identify(scripts) by extensions ['ignore', 'ignore_ament_install']
[-1744312345106381056.000s] Level 1:colcon.colcon_core.package_identification:_identify(scripts) by extension 'ignore'
[-1744312345106381056.000s] Level 1:colcon.colcon_core.package_identification:_identify(scripts) by extension 'ignore_ament_install'
[-1744312345106381056.000s] Level 1:colcon.colcon_core.package_identification:_identify(scripts) by extensions ['colcon_pkg']
[-1744312345106381056.000s] Level 1:colcon.colcon_core.package_identification:_identify(scripts) by extension 'colcon_pkg'
[-1744312345106381056.000s] Level 1:colcon.colcon_core.package_identification:_identify(scripts) by extensions ['colcon_meta']
[-1744312345106381056.000s] Level 1:colcon.colcon_core.package_identification:_identify(scripts) by extension 'colcon_meta'
[-1744312345106381056.000s] Level 1:colcon.colcon_core.package_identification:_identify(scripts) by extensions ['ros']
[-1744312345106381056.000s] Level 1:colcon.colcon_core.package_identification:_identify(scripts) by extension 'ros'
[-1744312345106381056.000s] Level 1:colcon.colcon_core.package_identification:_identify(scripts) by extensions ['cmake', 'python']
[-1744312345106381056.000s] Level 1:colcon.colcon_core.package_identification:_identify(scripts) by extension 'cmake'
[-1744312345106381056.000s] Level 1:colcon.colcon_core.package_identification:_identify(scripts) by extension 'python'
[-1744312345106381056.000s] Level 1:colcon.colcon_core.package_identification:_identify(scripts) by extensions ['python_setup_py']
[-1744312345106381056.000s] Level 1:colcon.colcon_core.package_identification:_identify(scripts) by extension 'python_setup_py'
[-1744312345106381056.000s] Level 1:colcon.colcon_core.package_discovery:discover_packages(recursive) using defaults
[-1744312345106381056.000s] Level 1:colcon.colcon_core.package_discovery:discover_packages(ignore) discover
[-1744312345106381056.000s] Level 1:colcon.colcon_core.package_discovery:discover_packages(ignore) using defaults
[-1744312345106381056.000s] Level 1:colcon.colcon_core.package_discovery:discover_packages(path) discover
[-1744312345106381056.000s] Level 1:colcon.colcon_core.package_discovery:discover_packages(path) using defaults
